#
# A fatal error has been detected by the Java Runtime Environment:
#
#  Internal Error (javaClasses.cpp:124), pid=5632, tid=3876
#  fatal error: Invalid layout of preloaded class
#
# JRE version:  (8.0_05-b13) (build )
# Java VM: Java HotSpot(TM) 64-Bit Server VM (25.5-b02 mixed mode windows-amd64 compressed oops)
# Failed to write core dump. Minidumps are not enabled by default on client versions of Windows
#
# If you would like to submit a bug report, please visit:
#   http://bugreport.sun.com/bugreport/crash.jsp
#

---------------  T H R E A D  ---------------

Current thread (0x0000000002060800):  JavaThread "Unknown thread" [_thread_in_vm, id=3876, stack(0x0000000001f60000,0x0000000002060000)]

Stack: [0x0000000001f60000,0x0000000002060000]
Native frames: (J=compiled Java code, j=interpreted, Vv=VM code, C=native code)
V  [jvm.dll+0x308dea]
V  [jvm.dll+0x25def1]
V  [jvm.dll+0x25eb0f]
V  [jvm.dll+0x256466]
V  [jvm.dll+0x5d33c]
V  [jvm.dll+0x5d433]
V  [jvm.dll+0x71d2a]
V  [jvm.dll+0x72088]
V  [jvm.dll+0xe1607]
V  [jvm.dll+0xe1996]
V  [jvm.dll+0x1f13e7]
V  [jvm.dll+0x2227c4]
V  [jvm.dll+0x149f71]
C  [javaw.exe+0x208a]
C  [javaw.exe+0xc9db]
C  [javaw.exe+0xca6f]
C  [KERNEL32.DLL+0x16ad]
C  [ntdll.dll+0x734a5]


---------------  P R O C E S S  ---------------

Java Threads: ( => current thread )

Other Threads:

=>0x0000000002060800 (exited) JavaThread "Unknown thread" [_thread_in_vm, id=3876, stack(0x0000000001f60000,0x0000000002060000)]

VM state:not at safepoint (not fully initialized)

VM Mutex/Monitor currently owned by a thread: None

GC Heap History (0 events):
No events

Deoptimization events (0 events):
No events

Internal exceptions (0 events):
No events

Events (10 events):
Event: 0.007 loading class java/lang/CharSequence done
Event: 0.007 loading class java/lang/String done
Event: 0.007 loading class java/lang/Class
Event: 0.007 loading class java/lang/reflect/AnnotatedElement
Event: 0.007 loading class java/lang/reflect/AnnotatedElement done
Event: 0.007 loading class java/lang/reflect/GenericDeclaration
Event: 0.007 loading class java/lang/reflect/GenericDeclaration done
Event: 0.007 loading class java/lang/reflect/Type
Event: 0.007 loading class java/lang/reflect/Type done
Event: 0.007 loading class java/lang/Class done


Dynamic libraries:
0x00007ff7aa690000 - 0x00007ff7aa6c4000 	C:\Program Files\Java\jre8\bin\javaw.exe
0x00007ffd18100000 - 0x00007ffd182aa000 	C:\Windows\SYSTEM32\ntdll.dll
0x00007ffd15f10000 - 0x00007ffd1604a000 	C:\Windows\system32\KERNEL32.DLL
0x00007ffd15870000 - 0x00007ffd1597f000 	C:\Windows\system32\KERNELBASE.dll
0x0000000052b30000 - 0x0000000052bbf000 	C:\Program Files\Bitdefender\Bitdefender 2015\Active Virus Control\Avc3_00251_003\avcuf64.dll
0x00007ffd140a0000 - 0x00007ffd14128000 	C:\Windows\system32\apphelp.dll
0x00007ffd0c2d0000 - 0x00007ffd0c31f000 	C:\Windows\AppPatch\AppPatch64\AcGenral.DLL
0x00007ffd15bd0000 - 0x00007ffd15c77000 	C:\Windows\system32\msvcrt.dll
0x00007ffd152b0000 - 0x00007ffd152db000 	C:\Windows\SYSTEM32\SspiCli.dll
0x00007ffd16950000 - 0x00007ffd169a1000 	C:\Windows\system32\SHLWAPI.dll
0x00007ffd17e30000 - 0x00007ffd17fa1000 	C:\Windows\system32\USER32.dll
0x00007ffd15d90000 - 0x00007ffd15f08000 	C:\Windows\system32\ole32.dll
0x00007ffd169b0000 - 0x00007ffd17dd0000 	C:\Windows\system32\SHELL32.dll
0x00007ffd14ae0000 - 0x00007ffd14afe000 	C:\Windows\SYSTEM32\USERENV.dll
0x00007ffd15980000 - 0x00007ffd15a25000 	C:\Windows\system32\ADVAPI32.dll
0x00007ffd0fcd0000 - 0x00007ffd0fceb000 	C:\Windows\SYSTEM32\MPR.dll
0x00007ffd164c0000 - 0x00007ffd165f7000 	C:\Windows\system32\RPCRT4.dll
0x00007ffd16060000 - 0x00007ffd160b7000 	C:\Windows\SYSTEM32\sechost.dll
0x00007ffd160c0000 - 0x00007ffd16296000 	C:\Windows\SYSTEM32\combase.dll
0x00007ffd17fb0000 - 0x00007ffd180f4000 	C:\Windows\system32\GDI32.dll
0x00007ffd15470000 - 0x00007ffd15484000 	C:\Windows\SYSTEM32\profapi.dll
0x00007ffd139d0000 - 0x00007ffd13a6f000 	C:\Windows\SYSTEM32\SHCORE.dll
0x00007ffd17df0000 - 0x00007ffd17e24000 	C:\Windows\system32\IMM32.DLL
0x00007ffd162c0000 - 0x00007ffd163f9000 	C:\Windows\system32\MSCTF.dll
0x00007ffd130f0000 - 0x00007ffd1334a000 	C:\Windows\WinSxS\amd64_microsoft.windows.common-controls_6595b64144ccf1df_6.0.9600.17031_none_6242a4b3ecbb55a1\COMCTL32.dll
0x00000000516b0000 - 0x0000000051782000 	C:\Program Files\Java\jre8\bin\msvcr100.dll
0x0000000050e80000 - 0x00000000516aa000 	C:\Program Files\Java\jre8\bin\server\jvm.dll
0x00007ffd122f0000 - 0x00007ffd122f9000 	C:\Windows\SYSTEM32\WSOCK32.dll
0x00007ffd13fe0000 - 0x00007ffd13fff000 	C:\Windows\SYSTEM32\WINMM.dll
0x00007ffd16050000 - 0x00007ffd16057000 	C:\Windows\system32\PSAPI.DLL
0x00007ffd15c80000 - 0x00007ffd15cd8000 	C:\Windows\system32\WS2_32.dll
0x00007ffd13fa0000 - 0x00007ffd13fca000 	C:\Windows\SYSTEM32\WINMMBASE.dll
0x00007ffd162b0000 - 0x00007ffd162b9000 	C:\Windows\system32\NSI.dll
0x00007ffd15820000 - 0x00007ffd1586a000 	C:\Windows\SYSTEM32\cfgmgr32.dll
0x00007ffd14300000 - 0x00007ffd14326000 	C:\Windows\SYSTEM32\DEVOBJ.dll
0x0000000050e70000 - 0x0000000050e7f000 	C:\Program Files\Java\jre8\bin\verify.dll
0x0000000050e40000 - 0x0000000050e68000 	C:\Program Files\Java\jre8\bin\java.dll
0x0000000050e20000 - 0x0000000050e36000 	C:\Program Files\Java\jre8\bin\zip.dll
0x00007ffd02660000 - 0x00007ffd027e8000 	C:\Windows\SYSTEM32\dbghelp.dll

VM Arguments:
jvm_args: -Dfile.encoding=Cp1252 -Xbootclasspath:D:\Users\Alvaro\Desktop\adt-bundle-windows-x86_64-20140702\sdk\platforms\android-20\android.jar 
java_command: com.alvaroy.promediouninorte.database.DatabaseConfigUtil
java_class_path (initial): D:\Users\Alvaro\Workspace\appcompat_v7\libs\android-support-v4.jar;D:\Users\Alvaro\Workspace\appcompat_v7\libs\android-support-v7-appcompat.jar;D:\Users\Alvaro\Workspace\appcompat_v7\bin\appcompat_v7.jar;D:\Users\Alvaro\Documents\GitHub\PromedioUninorte\bin\classes;D:\Users\Alvaro\Downloads\ormlite-android-4.48.jar;D:\Users\Alvaro\Downloads\ormlite-core-4.48.jar
Launcher Type: SUN_STANDARD

Environment Variables:
JAVA_HOME=D:\Program Files (x86)\Java\jdk1.5.0_07
CLASSPATH=.
PATH=C:\Program Files (x86)\NVIDIA Corporation\PhysX\Common;C:\Windows\system32;C:\Windows;C:\Windows\System32\Wbem;C:\Windows\System32\WindowsPowerShell\v1.0;C:\Program Files (x86)\ATI Technologies\ATI.ACE\Core-Static;C:\Program Files (x86)\Windows Kits\8.1\Windows Performance Toolkit;C:\Program Files\Microsoft SQL Server\110\Tools\Binn;C:\Program Files (x86)\Microsoft SQL Server\110\Tools\Binn;C:\Program Files\Microsoft SQL Server\110\DTS\Binn;C:\Program Files (x86)\Microsoft SQL Server\110\Tools\Binn\ManagementStudio;C:\Program Files (x86)\Microsoft SQL Server\110\DTS\Binn;C:\Program Files (x86)\QuickTime\QTSystem;C:\Program Files\Microsoft\Web Platform Installer;C:\Program Files\Microsoft SQL Server\120\Tools\Binn;D:\Python27;D:\Python27\Scripts;C:\Program Files (x86)\Microsoft ASP.NET\ASP.NET Web Pages\v1.0
USERNAME=Alvaro
OS=Windows_NT
PROCESSOR_IDENTIFIER=Intel64 Family 6 Model 42 Stepping 7, GenuineIntel



---------------  S Y S T E M  ---------------

OS: Windows 8.1 , 64 bit Build 9600 

CPU:total 8 (4 cores per cpu, 2 threads per core) family 6 model 42 stepping 7, cmov, cx8, fxsr, mmx, sse, sse2, sse3, ssse3, sse4.1, sse4.2, popcnt, avx, aes, clmul, ht, tsc, tscinvbit

Memory: 4k page, physical 8371508k(4020224k free), swap 16760116k(9370840k free)

vm_info: Java HotSpot(TM) 64-Bit Server VM (25.5-b02) for windows-amd64 JRE (1.8.0_05-b13), built on Mar 18 2014 01:08:39 by "java_re" with MS VC++ 10.0 (VS2010)

time: Sun Sep 07 16:33:55 2014
elapsed time: 0 seconds

